Build started 11/5/2015 2:44:18 PM.
     1>Project "C:\Users\Son Pham\Desktop\OOP - Tuyen sinh\LTHDT\Tuyen Sinh\Tuyen Sinh\Tuyen Sinh.vcxproj" on node 2 (Build target(s)).
     1>ClCompile:
         C:\Program Files (x86)\Microsoft Visual Studio 12.0\VC\bin\CL.exe /c /ID:\libs\boost_1_59_0 /ZI /nologo /W3 /WX- /sdl /Od /Oy- /D WIN32 /D _DEBUG /D _CONSOLE /D _LIB /D _UNICODE /D UNICODE /Gm /EHsc /RTC1 /MDd /GS /fp:precise /Zc:wchar_t /Zc:forScope /Fo"Debug\\" /Fd"Debug\vc120.pdb" /Gd /TP /analyze- /errorReport:prompt DBconnect.cpp ThiSinh.cpp "Tuyen Sinh.cpp"
         Tuyen Sinh.cpp
     1>c:\users\son pham\desktop\oop - tuyen sinh\lthdt\tuyen sinh\tuyen sinh\tuyen sinh.cpp(4): warning C4081: expected 'newline'; found ';'
         ThiSinh.cpp
     1>c:\users\son pham\desktop\oop - tuyen sinh\lthdt\tuyen sinh\tuyen sinh\thisinh.cpp(1): warning C4081: expected 'newline'; found ';'
         DBconnect.cpp
         Generating Code...
     1>c:\users\son pham\desktop\oop - tuyen sinh\lthdt\tuyen sinh\tuyen sinh\thisinh.cpp(182): warning C4715: 'ThiSinh::timDiem' : not all control paths return a value
         C:\Program Files (x86)\Microsoft Visual Studio 12.0\VC\bin\CL.exe /c /ID:\libs\boost_1_59_0 /ZI /nologo /W3 /WX- /sdl /Od /Oy- /D WIN32 /D _DEBUG /D _CONSOLE /D _LIB /D _UNICODE /D UNICODE /Gm /EHsc /RTC1 /MDd /GS /fp:precise /Zc:wchar_t /Zc:forScope /Fo"Debug\\" /Fd"Debug\vc120.pdb" /Gd /TC /analyze- /errorReport:prompt sqlite3.c
         sqlite3.c
       Link:
         C:\Program Files (x86)\Microsoft Visual Studio 12.0\VC\bin\link.exe /ERRORREPORT:PROMPT /OUT:"C:\Users\Son Pham\Desktop\OOP - Tuyen sinh\LTHDT\Tuyen Sinh\Debug\Tuyen Sinh.exe" /INCREMENTAL /NOLOGO kernel32.lib user32.lib gdi32.lib winspool.lib comdlg32.lib advapi32.lib shell32.lib ole32.lib oleaut32.lib uuid.lib odbc32.lib odbccp32.lib /MANIFEST /MANIFESTUAC:"level='asInvoker' uiAccess='false'" /manifest:embed /DEBUG /PDB:"C:\Users\Son Pham\Desktop\OOP - Tuyen sinh\LTHDT\Tuyen Sinh\Debug\Tuyen Sinh.pdb" /SUBSYSTEM:CONSOLE /TLBID:1 /DYNAMICBASE /NXCOMPAT /IMPLIB:"C:\Users\Son Pham\Desktop\OOP - Tuyen sinh\LTHDT\Tuyen Sinh\Debug\Tuyen Sinh.lib" /MACHINE:X86 Debug\DBconnect.obj
         Debug\sqlite3.obj
         Debug\stdafx.obj
         Debug\ThiSinh.obj
         "Debug\Tuyen Sinh.obj"
         Tuyen Sinh.vcxproj -> C:\Users\Son Pham\Desktop\OOP - Tuyen sinh\LTHDT\Tuyen Sinh\Debug\Tuyen Sinh.exe
     1>Done Building Project "C:\Users\Son Pham\Desktop\OOP - Tuyen sinh\LTHDT\Tuyen Sinh\Tuyen Sinh\Tuyen Sinh.vcxproj" (Build target(s)).

Build succeeded.

Time Elapsed 00:00:12.08
